  Actor.cpp
  AngyMan.cpp
  Maths.cpp
  Physics.cpp
  Player.cpp
  Eindopdracht GDEV++.cpp
D:\Offline Projects\Eindopdracht GDEV++\Eindopdracht GDEV++\Eindopdracht GDEV++.cpp(35,12): warning C4244: 'argument': conversion from 'time_t' to 'unsigned int', possible loss of data
D:\Offline Projects\Eindopdracht GDEV++\Eindopdracht GDEV++\Eindopdracht GDEV++.cpp(241,22): warning C4244: 'initializing': conversion from 'float' to 'int', possible loss of data
D:\Offline Projects\Eindopdracht GDEV++\Eindopdracht GDEV++\Eindopdracht GDEV++.cpp(242,31): warning C4244: 'argument': conversion from 'int' to 'float', possible loss of data
Actor.obj : error LNK2001: unresolved external symbol __imp__calloc_dbg
Actor.obj : error LNK2001: unresolved external symbol "__declspec(dllimport) public: void __cdecl sf::Transformable::setScale(class sf::Vector2<float> const &)" (__imp_?setScale@Transformable@sf@@QEAAXAEBV?$Vector2@M@2@@Z)
Actor.obj : error LNK2001: unresolved external symbol "__declspec(dllimport) public: void __cdecl sf::Transformable::setPosition(float,float)" (__imp_?setPosition@Transformable@sf@@QEAAXMM@Z)
Actor.obj : error LNK2001: unresolved external symbol "__declspec(dllimport) public: class sf::Vector2<unsigned int> __cdecl sf::Texture::getSize(void)const " (__imp_?getSize@Texture@sf@@QEBA?AV?$Vector2@I@2@XZ)
Actor.obj : error LNK2001: unresolved external symbol "__declspec(dllimport) public: class sf::Texture const * __cdecl sf::Sprite::getTexture(void)const " (__imp_?getTexture@Sprite@sf@@QEBAPEBVTexture@2@XZ)
AngyMan.obj : error LNK2001: unresolved external symbol "__declspec(dllimport) public: __cdecl sf::Sprite::Sprite(void)" (__imp_??0Sprite@sf@@QEAA@XZ)
AngyMan.obj : error LNK2001: unresolved external symbol "__declspec(dllimport) public: virtual __cdecl sf::Sprite::~Sprite(void)" (__imp_??1Sprite@sf@@UEAA@XZ)
Eindopdracht GDEV++.obj : error LNK2001: unresolved external symbol __imp__CrtDbgReport
Eindopdracht GDEV++.obj : error LNK2001: unresolved external symbol __imp__invalid_parameter
Eindopdracht GDEV++.obj : error LNK2001: unresolved external symbol "__declspec(dllimport) public: static class sf::RenderStates const sf::RenderStates::Default" (__imp_?Default@RenderStates@sf@@2V12@B)
Eindopdracht GDEV++.obj : error LNK2001: unresolved external symbol "__declspec(dllimport) public: class sf::Time __cdecl sf::Clock::restart(void)" (__imp_?restart@Clock@sf@@QEAA?AVTime@2@XZ)
Eindopdracht GDEV++.obj : error LNK2001: unresolved external symbol "__declspec(dllimport) public: class sf::Time __cdecl sf::Clock::getElapsedTime(void)const " (__imp_?getElapsedTime@Clock@sf@@QEBA?AVTime@2@XZ)
Eindopdracht GDEV++.obj : error LNK2001: unresolved external symbol "__declspec(dllimport) public: __cdecl sf::Clock::Clock(void)" (__imp_??0Clock@sf@@QEAA@XZ)
Eindopdracht GDEV++.obj : error LNK2001: unresolved external symbol "__declspec(dllimport) public: static class sf::Color const sf::Color::White" (__imp_?White@Color@sf@@2V12@B)
Eindopdracht GDEV++.obj : error LNK2001: unresolved external symbol "__declspec(dllimport) public: float __cdecl sf::Time::asSeconds(void)const " (__imp_?asSeconds@Time@sf@@QEBAMXZ)
Eindopdracht GDEV++.obj : error LNK2001: unresolved external symbol "__declspec(dllimport) public: bool __cdecl sf::Texture::loadFromFile(class std::basic_string<char,struct std::char_traits<char>,class std::allocator<char> > const &,class sf::Rect<int> const &)" (__imp_?loadFromFile@Texture@sf@@QEAA_NAEBV?$basic_string@DU?$char_traits@D@std@@V?$allocator@D@2@@std@@AEBV?$Rect@H@2@@Z)
Eindopdracht GDEV++.obj : error LNK2001: unresolved external symbol "__declspec(dllimport) public: __cdecl sf::Texture::~Texture(void)" (__imp_??1Texture@sf@@QEAA@XZ)
Eindopdracht GDEV++.obj : error LNK2001: unresolved external symbol "__declspec(dllimport) public: __cdecl sf::Texture::Texture(void)" (__imp_??0Texture@sf@@QEAA@XZ)
Eindopdracht GDEV++.obj : error LNK2001: unresolved external symbol "__declspec(dllimport) public: bool __cdecl sf::Font::loadFromFile(class std::basic_string<char,struct std::char_traits<char>,class std::allocator<char> > const &)" (__imp_?loadFromFile@Font@sf@@QEAA_NAEBV?$basic_string@DU?$char_traits@D@std@@V?$allocator@D@2@@std@@@Z)
Eindopdracht GDEV++.obj : error LNK2001: unresolved external symbol "__declspec(dllimport) public: __cdecl sf::Font::~Font(void)" (__imp_??1Font@sf@@QEAA@XZ)
Eindopdracht GDEV++.obj : error LNK2001: unresolved external symbol "__declspec(dllimport) public: __cdecl sf::Font::Font(void)" (__imp_??0Font@sf@@QEAA@XZ)
Eindopdracht GDEV++.obj : error LNK2001: unresolved external symbol "__declspec(dllimport) public: virtual __cdecl sf::RenderWindow::~RenderWindow(void)" (__imp_??1RenderWindow@sf@@UEAA@XZ)
Eindopdracht GDEV++.obj : error LNK2001: unresolved external symbol "__declspec(dllimport) public: __cdecl sf::RenderWindow::RenderWindow(class sf::VideoMode,class sf::String const &,unsigned int,struct sf::ContextSettings const &)" (__imp_??0RenderWindow@sf@@QEAA@VVideoMode@1@AEBVString@1@IAEBUContextSettings@1@@Z)
Eindopdracht GDEV++.obj : error LNK2001: unresolved external symbol "__declspec(dllimport) public: __cdecl sf::Color::Color(unsigned char,unsigned char,unsigned char,unsigned char)" (__imp_??0Color@sf@@QEAA@EEEE@Z)
Eindopdracht GDEV++.obj : error LNK2001: unresolved external symbol "__declspec(dllimport) public: bool __cdecl sf::SoundBuffer::loadFromFile(class std::basic_string<char,struct std::char_traits<char>,class std::allocator<char> > const &)" (__imp_?loadFromFile@SoundBuffer@sf@@QEAA_NAEBV?$basic_string@DU?$char_traits@D@std@@V?$allocator@D@2@@std@@@Z)
Eindopdracht GDEV++.obj : error LNK2001: unresolved external symbol "__declspec(dllimport) public: __cdecl sf::SoundBuffer::~SoundBuffer(void)" (__imp_??1SoundBuffer@sf@@QEAA@XZ)
Eindopdracht GDEV++.obj : error LNK2001: unresolved external symbol "__declspec(dllimport) public: __cdecl sf::SoundBuffer::SoundBuffer(void)" (__imp_??0SoundBuffer@sf@@QEAA@XZ)
Eindopdracht GDEV++.obj : error LNK2001: unresolved external symbol "__declspec(dllimport) public: void __cdecl sf::Sound::setBuffer(class sf::SoundBuffer const &)" (__imp_?setBuffer@Sound@sf@@QEAAXAEBVSoundBuffer@2@@Z)
Eindopdracht GDEV++.obj : error LNK2001: unresolved external symbol "__declspec(dllimport) public: void __cdecl sf::Sound::play(void)" (__imp_?play@Sound@sf@@QEAAXXZ)
Eindopdracht GDEV++.obj : error LNK2001: unresolved external symbol "__declspec(dllimport) public: virtual __cdecl sf::Sound::~Sound(void)" (__imp_??1Sound@sf@@UEAA@XZ)
Eindopdracht GDEV++.obj : error LNK2001: unresolved external symbol "__declspec(dllimport) public: __cdecl sf::Sound::Sound(void)" (__imp_??0Sound@sf@@QEAA@XZ)
Eindopdracht GDEV++.obj : error LNK2001: unresolved external symbol "__declspec(dllimport) public: void __cdecl sf::Window::display(void)" (__imp_?display@Window@sf@@QEAAXXZ)
Eindopdracht GDEV++.obj : error LNK2001: unresolved external symbol "__declspec(dllimport) public: bool __cdecl sf::Window::pollEvent(class sf::Event &)" (__imp_?pollEvent@Window@sf@@QEAA_NAEAVEvent@2@@Z)
Eindopdracht GDEV++.obj : error LNK2001: unresolved external symbol "__declspec(dllimport) public: bool __cdecl sf::Window::isOpen(void)const " (__imp_?isOpen@Window@sf@@QEBA_NXZ)
Eindopdracht GDEV++.obj : error LNK2001: unresolved external symbol "__declspec(dllimport) public: void __cdecl sf::Window::close(void)" (__imp_?close@Window@sf@@QEAAXXZ)
Eindopdracht GDEV++.obj : error LNK2001: unresolved external symbol "__declspec(dllimport) public: void __cdecl sf::RenderTarget::draw(class sf::Drawable const &,class sf::RenderStates const &)" (__imp_?draw@RenderTarget@sf@@QEAAXAEBVDrawable@2@AEBVRenderStates@2@@Z)
Eindopdracht GDEV++.obj : error LNK2001: unresolved external symbol "__declspec(dllimport) public: void __cdecl sf::RenderTarget::clear(class sf::Color const &)" (__imp_?clear@RenderTarget@sf@@QEAAXAEBVColor@2@@Z)
Eindopdracht GDEV++.obj : error LNK2001: unresolved external symbol "__declspec(dllimport) public: static bool __cdecl sf::Keyboard::isKeyPressed(enum sf::Keyboard::Key)" (__imp_?isKeyPressed@Keyboard@sf@@SA_NW4Key@12@@Z)
Eindopdracht GDEV++.obj : error LNK2001: unresolved external symbol "__declspec(dllimport) public: __cdecl sf::String::String(char const *,class std::locale const &)" (__imp_??0String@sf@@QEAA@PEBDAEBVlocale@std@@@Z)
Eindopdracht GDEV++.obj : error LNK2001: unresolved external symbol "__declspec(dllimport) public: __cdecl sf::String::String(class std::basic_string<char,struct std::char_traits<char>,class std::allocator<char> > const &,class std::locale const &)" (__imp_??0String@sf@@QEAA@AEBV?$basic_string@DU?$char_traits@D@std@@V?$allocator@D@2@@std@@AEBVlocale@3@@Z)
Eindopdracht GDEV++.obj : error LNK2001: unresolved external symbol "__declspec(dllimport) public: __cdecl sf::VideoMode::VideoMode(unsigned int,unsigned int,unsigned int)" (__imp_??0VideoMode@sf@@QEAA@III@Z)
Eindopdracht GDEV++.obj : error LNK2001: unresolved external symbol "__declspec(dllimport) public: void __cdecl sf::Sprite::setColor(class sf::Color const &)" (__imp_?setColor@Sprite@sf@@QEAAXAEBVColor@2@@Z)
Eindopdracht GDEV++.obj : error LNK2001: unresolved external symbol "__declspec(dllimport) public: void __cdecl sf::Sprite::setTexture(class sf::Texture const &,bool)" (__imp_?setTexture@Sprite@sf@@QEAAXAEBVTexture@2@_N@Z)
Eindopdracht GDEV++.obj : error LNK2001: unresolved external symbol "__declspec(dllimport) public: class sf::Rect<float> __cdecl sf::Text::getLocalBounds(void)const " (__imp_?getLocalBounds@Text@sf@@QEBA?AV?$Rect@M@2@XZ)
Eindopdracht GDEV++.obj : error LNK2001: unresolved external symbol "__declspec(dllimport) public: void __cdecl sf::Text::setFillColor(class sf::Color const &)" (__imp_?setFillColor@Text@sf@@QEAAXAEBVColor@2@@Z)
Eindopdracht GDEV++.obj : error LNK2001: unresolved external symbol "__declspec(dllimport) public: void __cdecl sf::Text::setStyle(unsigned int)" (__imp_?setStyle@Text@sf@@QEAAXI@Z)
Eindopdracht GDEV++.obj : error LNK2001: unresolved external symbol "__declspec(dllimport) public: void __cdecl sf::Text::setCharacterSize(unsigned int)" (__imp_?setCharacterSize@Text@sf@@QEAAXI@Z)
Eindopdracht GDEV++.obj : error LNK2001: unresolved external symbol "__declspec(dllimport) public: void __cdecl sf::Text::setFont(class sf::Font const &)" (__imp_?setFont@Text@sf@@QEAAXAEBVFont@2@@Z)
Eindopdracht GDEV++.obj : error LNK2001: unresolved external symbol "__declspec(dllimport) public: void __cdecl sf::Text::setString(class sf::String const &)" (__imp_?setString@Text@sf@@QEAAXAEBVString@2@@Z)
Eindopdracht GDEV++.obj : error LNK2001: unresolved external symbol "__declspec(dllimport) public: __cdecl sf::Text::Text(void)" (__imp_??0Text@sf@@QEAA@XZ)
Eindopdracht GDEV++.obj : error LNK2001: unresolved external symbol "__declspec(dllimport) public: __cdecl sf::String::~String(void)" (__imp_??1String@sf@@QEAA@XZ)
Eindopdracht GDEV++.obj : error LNK2001: unresolved external symbol "__declspec(dllimport) public: virtual __cdecl sf::Text::~Text(void)" (__imp_??1Text@sf@@UEAA@XZ)
D:\Offline Projects\Eindopdracht GDEV++\x64\Release\Eindopdracht GDEV++.exe : fatal error LNK1120: 52 unresolved externals
